2014-12-27T15:00:01.040Z - [32minfo[39m: starting...
2014-12-27T15:18:12.165Z - [32minfo[39m: starting...
2014-12-27T15:18:45.050Z - [32minfo[39m: starting...
2014-12-27T15:19:42.139Z - [32minfo[39m: starting...
2014-12-27T15:26:17.975Z - [32minfo[39m: starting...
2014-12-27T15:26:54.372Z - [32minfo[39m: starting...
2014-12-27T17:50:03.640Z - [32minfo[39m: starting...
2014-12-27T20:36:59.243Z - [32minfo[39m: starting...
2014-12-27T20:49:01.172Z - [32minfo[39m: starting...
2014-12-27T20:50:16.070Z - [32minfo[39m: starting...
2014-12-27T20:56:55.952Z - [32minfo[39m: starting...
2014-12-27T20:57:09.710Z - [32minfo[39m: starting...
2014-12-27T21:01:11.539Z - [32minfo[39m: starting...
2014-12-27T22:14:15.911Z - [32minfo[39m: starting...
2014-12-27T22:14:31.844Z - [32minfo[39m: starting...
2014-12-27T22:15:07.735Z - [32minfo[39m: starting...
2014-12-27T22:18:16.927Z - [32minfo[39m: starting...
2014-12-27T22:19:02.098Z - [32minfo[39m: starting...
2014-12-27T22:33:15.448Z - [32minfo[39m: starting...
2014-12-27T22:36:09.694Z - [32minfo[39m: starting...
2014-12-27T22:36:48.127Z - [31merror[39m: uncaughtException: no focusable descendant 
{ date: [32m'Sat Dec 27 2014 20:36:48 GMT-0200 (BRST)'[39m,
  process: 
   { pid: [33m13422[39m,
     uid: [33m1000[39m,
     gid: [33m1000[39m,
     cwd: [32m'/projetosPython/project-euler'[39m,
     execPath: [32m'/usr/bin/nodejs'[39m,
     version: [32m'v0.10.33'[39m,
     argv: [ [32m'node'[39m, [32m'/usr/bin/slap'[39m ],
     memoryUsage: 
      { rss: [33m44531712[39m,
        heapTotal: [33m38037376[39m,
        heapUsed: [33m23381868[39m } },
  os: 
   { loadavg: 
      [ [33m0.6865234375[39m,
        [33m0.39501953125[39m,
        [33m0.30078125[39m ],
     uptime: [33m30081.16721046[39m },
  trace: 
   [ { column: [33m42[39m,
       file: [32m'/usr/lib/node_modules/slap/lib/ui/BaseElement.js'[39m,
       function: [32m'SaveAsForm.BaseElement._focusDirection'[39m,
       line: [33m51[39m,
       method: [32m'BaseElement._focusDirection'[39m,
       native: [33mfalse[39m },
     { column: [33m15[39m,
       file: [32m'/usr/lib/node_modules/slap/lib/ui/BaseElement.js'[39m,
       function: [32m'SaveAsForm.BaseElement.focusNext'[39m,
       line: [33m55[39m,
       method: [32m'BaseElement.focusNext'[39m,
       native: [33mfalse[39m },
     { column: [33m31[39m,
       file: [32m'/usr/lib/node_modules/slap/lib/ui/BaseElement.js'[39m,
       function: [32m''[39m,
       line: [33m77[39m,
       method: [1mnull[22m,
       native: [33mfalse[39m },
     { column: [33m20[39m,
       file: [32m'/usr/lib/node_modules/slap/node_modules/blessed/lib/events.js'[39m,
       function: [32m'SaveAsForm.EventEmitter._emit'[39m,
       line: [33m86[39m,
       method: [32m'EventEmitter._emit'[39m,
       native: [33mfalse[39m },
     { column: [33m12[39m,
       file: [32m'/usr/lib/node_modules/slap/node_modules/blessed/lib/events.js'[39m,
       function: [32m'SaveAsForm.EventEmitter.emit'[39m,
       line: [33m106[39m,
       method: [32m'EventEmitter.emit'[39m,
       native: [33mfalse[39m },
     { column: [33m8[39m,
       file: [32m'/usr/lib/node_modules/slap/node_modules/blessed/lib/widget.js'[39m,
       function: [32m'Slap.Screen._focus'[39m,
       line: [33m1459[39m,
       method: [32m'Screen._focus'[39m,
       native: [33mfalse[39m },
     { column: [33m8[39m,
       file: [32m'/usr/lib/node_modules/slap/node_modules/blessed/lib/widget.js'[39m,
       function: [32m'Slap.Screen.focusPush'[39m,
       line: [33m1389[39m,
       method: [32m'Screen.focusPush'[39m,
       native: [33mfalse[39m },
     { column: [33m15[39m,
       file: [32m'/usr/lib/node_modules/slap/node_modules/blessed/lib/widget.js'[39m,
       function: [32m'Slap.Screen.clearRegion [as focused]'[39m,
       line: [33m1467[39m,
       method: [32m'Screen.clearRegion [as focused]'[39m,
       native: [33mfalse[39m },
     { column: [33m30[39m,
       file: [32m'/usr/lib/node_modules/slap/node_modules/blessed/lib/widget.js'[39m,
       function: [32m'SaveAsForm.Element.focus'[39m,
       line: [33m1948[39m,
       method: [32m'Element.focus'[39m,
       native: [33mfalse[39m },
     { column: [33m60[39m,
       file: [32m'/usr/lib/node_modules/slap/lib/ui/BaseElement.js'[39m,
       function: [32m'SaveAsForm.BaseElement.focus'[39m,
       line: [33m61[39m,
       method: [32m'BaseElement.focus'[39m,
       native: [33mfalse[39m } ],
  stack: 
   [ [32m'Error: no focusable descendant'[39m,
     [32m'    at SaveAsForm.BaseElement._focusDirection (/usr/lib/node_modules/slap/lib/ui/BaseElement.js:51:42)'[39m,
     [32m'    at SaveAsForm.BaseElement.focusNext (/usr/lib/node_modules/slap/lib/ui/BaseElement.js:55:15)'[39m,
     [32m'    at SaveAsForm.<anonymous> (/usr/lib/node_modules/slap/lib/ui/BaseElement.js:77:31)'[39m,
     [32m'    at SaveAsForm.EventEmitter._emit (/usr/lib/node_modules/slap/node_modules/blessed/lib/events.js:86:20)'[39m,
     [32m'    at SaveAsForm.EventEmitter.emit (/usr/lib/node_modules/slap/node_modules/blessed/lib/events.js:106:12)'[39m,
     [32m'    at Slap.Screen._focus (/usr/lib/node_modules/slap/node_modules/blessed/lib/widget.js:1459:8)'[39m,
     [32m'    at Slap.Screen.focusPush (/usr/lib/node_modules/slap/node_modules/blessed/lib/widget.js:1389:8)'[39m,
     [32m'    at Slap.Screen.clearRegion [as focused] (/usr/lib/node_modules/slap/node_modules/blessed/lib/widget.js:1467:15)'[39m,
     [32m'    at SaveAsForm.Element.focus (/usr/lib/node_modules/slap/node_modules/blessed/lib/widget.js:1948:30)'[39m,
     [32m'    at SaveAsForm.BaseElement.focus (/usr/lib/node_modules/slap/lib/ui/BaseElement.js:61:60)'[39m ] }
2014-12-27T22:36:50.844Z - [32minfo[39m: starting...
2014-12-27T22:37:07.381Z - [32minfo[39m: starting...
2014-12-27T22:38:02.585Z - [32minfo[39m: starting...
2014-12-27T22:38:23.568Z - [32minfo[39m: starting...
2014-12-27T23:11:36.564Z - [32minfo[39m: starting...
2014-12-27T23:14:34.416Z - [32minfo[39m: starting...
2014-12-27T23:15:56.919Z - [32minfo[39m: starting...
2014-12-28T17:20:19.049Z - [32minfo[39m: starting...
2014-12-28T22:18:45.977Z - [32minfo[39m: starting...
2014-12-28T22:21:19.449Z - [32minfo[39m: starting...
2014-12-29T00:55:59.864Z - [32minfo[39m: starting...
2014-12-29T00:56:41.577Z - [32minfo[39m: starting...
